Determining if the pthread_create exist failed with the following output:
Change Dir: /home/etomov/Projects/hobby/home_ai_reloaded_cmake/build/CMakeFiles/CMakeTmp

Run Build Command:"/usr/bin/make" "cmTC_911d4/fast"
/usr/bin/make -f CMakeFiles/cmTC_911d4.dir/build.make CMakeFiles/cmTC_911d4.dir/build
make[1]: Entering directory '/home/etomov/Projects/hobby/home_ai_reloaded_cmake/build/CMakeFiles/CMakeTmp'
Building C object CMakeFiles/cmTC_911d4.dir/CheckSymbolExists.c.o
/usr/bin/clang    -o CMakeFiles/cmTC_911d4.dir/CheckSymbolExists.c.o   -c /home/etomov/Projects/hobby/home_ai_reloaded_cmake/build/CMakeFiles/CMakeTmp/CheckSymbolExists.c
Linking C executable cmTC_911d4
/usr/local/bin/cmake -E cmake_link_script CMakeFiles/cmTC_911d4.dir/link.txt --verbose=1
/usr/bin/clang      -rdynamic CMakeFiles/cmTC_911d4.dir/CheckSymbolExists.c.o  -o cmTC_911d4 
CMakeFiles/cmTC_911d4.dir/CheckSymbolExists.c.o: In function `main':
/home/etomov/Projects/hobby/home_ai_reloaded_cmake/build/CMakeFiles/CMakeTmp/CheckSymbolExists.c:(.text+0x19): undefined reference to `pthread_create'
clang: error: linker command failed with exit code 1 (use -v to see invocation)
CMakeFiles/cmTC_911d4.dir/build.make:97: recipe for target 'cmTC_911d4' failed
make[1]: *** [cmTC_911d4] Error 1
make[1]: Leaving directory '/home/etomov/Projects/hobby/home_ai_reloaded_cmake/build/CMakeFiles/CMakeTmp'
Makefile:126: recipe for target 'cmTC_911d4/fast' failed
make: *** [cmTC_911d4/fast] Error 2

File /home/etomov/Projects/hobby/home_ai_reloaded_cmake/build/CMakeFiles/CMakeTmp/CheckSymbolExists.c:
/* */
#include <pthread.h>

int main(int argc, char** argv)
{
  (void)argv;
#ifndef pthread_create
  return ((int*)(&pthread_create))[argc];
#else
  (void)argc;
  return 0;
#endif
}

